<?xml version="1.0" encoding="UTF-8"?>
<testsuite xmlns:xsi="http://www.w3.org/2001/XMLSchema-instance" xsi:noNamespaceSchemaLocation="https://maven.apache.org/surefire/maven-surefire-plugin/xsd/surefire-test-report-3.0.xsd" version="3.0" name="org.csystem.util.bitwise.BitwiseUtilToBinaryStrIntTest" time="0.002" tests="4" errors="0" skipped="4" failures="0">
  <properties/>
  <testcase name="[0]" classname="BitwiseUtilToBinaryStrIntTest" time="0.0">
    <skipped/>
  </testcase>
  <testcase name="[1]" classname="BitwiseUtilToBinaryStrIntTest" time="0.0">
    <skipped/>
  </testcase>
  <testcase name="[2]" classname="BitwiseUtilToBinaryStrIntTest" time="0.0">
    <skipped/>
  </testcase>
  <testcase name="[3]" classname="BitwiseUtilToBinaryStrIntTest" time="0.0">
    <skipped/>
  </testcase>
</testsuite>