<?xml version="1.0" encoding="UTF-8"?>
<testsuite xmlns:xsi="http://www.w3.org/2001/XMLSchema-instance" xsi:noNamespaceSchemaLocation="https://maven.apache.org/surefire/maven-surefire-plugin/xsd/surefire-test-report-3.0.xsd" version="3.0" name="org.csystem.util.numeric.NumberUtilFibonacciTest" time="0.002" tests="5" errors="0" skipped="5" failures="0">
  <properties/>
  <testcase name="[0]" classname="NumberUtilFibonacciTest" time="0.0">
    <skipped message="Tested before and passed"/>
  </testcase>
  <testcase name="[1]" classname="NumberUtilFibonacciTest" time="0.0">
    <skipped message="Tested before and passed"/>
  </testcase>
  <testcase name="[2]" classname="NumberUtilFibonacciTest" time="0.0">
    <skipped message="Tested before and passed"/>
  </testcase>
  <testcase name="[3]" classname="NumberUtilFibonacciTest" time="0.0">
    <skipped message="Tested before and passed"/>
  </testcase>
  <testcase name="[4]" classname="NumberUtilFibonacciTest" time="0.0">
    <skipped message="Tested before and passed"/>
  </testcase>
</testsuite>