<?xml version="1.0" encoding="UTF-8"?>
<testsuite xmlns:xsi="http://www.w3.org/2001/XMLSchema-instance" xsi:noNamespaceSchemaLocation="https://maven.apache.org/surefire/maven-surefire-plugin/xsd/surefire-test-report-3.0.xsd" version="3.0" name="org.csystem.util.numeric.NumberUtilAreFriendsTest" time="0.001" tests="12" errors="0" skipped="12" failures="0">
  <properties/>
  <testcase name="[0]" classname="NumberUtilAreFriendsTest" time="0.0">
    <skipped message="Tested by Sinan Dönder"/>
  </testcase>
  <testcase name="[1]" classname="NumberUtilAreFriendsTest" time="0.0">
    <skipped message="Tested by Sinan Dönder"/>
  </testcase>
  <testcase name="[2]" classname="NumberUtilAreFriendsTest" time="0.0">
    <skipped message="Tested by Sinan Dönder"/>
  </testcase>
  <testcase name="[3]" classname="NumberUtilAreFriendsTest" time="0.0">
    <skipped message="Tested by Sinan Dönder"/>
  </testcase>
  <testcase name="[4]" classname="NumberUtilAreFriendsTest" time="0.0">
    <skipped message="Tested by Sinan Dönder"/>
  </testcase>
  <testcase name="[5]" classname="NumberUtilAreFriendsTest" time="0.0">
    <skipped message="Tested by Sinan Dönder"/>
  </testcase>
  <testcase name="[6]" classname="NumberUtilAreFriendsTest" time="0.0">
    <skipped message="Tested by Sinan Dönder"/>
  </testcase>
  <testcase name="[7]" classname="NumberUtilAreFriendsTest" time="0.0">
    <skipped message="Tested by Sinan Dönder"/>
  </testcase>
  <testcase name="[8]" classname="NumberUtilAreFriendsTest" time="0.0">
    <skipped message="Tested by Sinan Dönder"/>
  </testcase>
  <testcase name="[9]" classname="NumberUtilAreFriendsTest" time="0.0">
    <skipped message="Tested by Sinan Dönder"/>
  </testcase>
  <testcase name="[10]" classname="NumberUtilAreFriendsTest" time="0.0">
    <skipped message="Tested by Sinan Dönder"/>
  </testcase>
  <testcase name="[11]" classname="NumberUtilAreFriendsTest" time="0.0">
    <skipped message="Tested by Sinan Dönder"/>
  </testcase>
</testsuite>