<?xml version="1.0" encoding="UTF-8"?>
<testsuite xmlns:xsi="http://www.w3.org/2001/XMLSchema-instance" xsi:noNamespaceSchemaLocation="https://maven.apache.org/surefire/maven-surefire-plugin/xsd/surefire-test-report-3.0.xsd" version="3.0" name="org.csystem.util.bitwise.BitwiseUtilSetBitsCountIntTest" time="0.001" tests="6" errors="0" skipped="6" failures="0">
  <properties/>
  <testcase name="[0]" classname="BitwiseUtilSetBitsCountIntTest" time="0.0">
    <skipped/>
  </testcase>
  <testcase name="[1]" classname="BitwiseUtilSetBitsCountIntTest" time="0.0">
    <skipped/>
  </testcase>
  <testcase name="[2]" classname="BitwiseUtilSetBitsCountIntTest" time="0.0">
    <skipped/>
  </testcase>
  <testcase name="[3]" classname="BitwiseUtilSetBitsCountIntTest" time="0.0">
    <skipped/>
  </testcase>
  <testcase name="[4]" classname="BitwiseUtilSetBitsCountIntTest" time="0.0">
    <skipped/>
  </testcase>
  <testcase name="[5]" classname="BitwiseUtilSetBitsCountIntTest" time="0.0">
    <skipped/>
  </testcase>
</testsuite>